2025-04-14 23:38:54.619227 - Received CBT.V508.FILE1055.PDS from FILE1055.XMI 
2025-04-14 23:38:54.622724 - Found $$$$READ.txt (text/plain) in CBT.V508.FILE1055.PDS, moved to PDS/$$$$READ
2025-04-14 23:38:54.622982 - Found $$$#DATE.txt (text/plain) in CBT.V508.FILE1055.PDS, moved to PDS/$$$#DATE
2025-04-14 23:38:54.623277 - Found $$README.txt (text/plain) in CBT.V508.FILE1055.PDS, moved to PDS/$$README
2025-04-14 23:38:54.623513 - Found $$UPLOAD.txt (text/plain) in CBT.V508.FILE1055.PDS, moved to PDS/$$UPLOAD
2025-04-14 23:38:54.623783 - Found $$UPLOAJ.txt (text/plain) in CBT.V508.FILE1055.PDS, moved to PDS/$$UPLOAJ
2025-04-14 23:38:54.624055 - Found $$UPLOAM.txt (text/plain) in CBT.V508.FILE1055.PDS, moved to PDS/$$UPLOAM
2025-04-14 23:38:54.624266 - Found $CARR.jcl (text/plain) in CBT.V508.FILE1055.PDS, moved to PDS/$CARR
2025-04-14 23:38:54.624470 - Found $CESTAE.jcl (text/plain) in CBT.V508.FILE1055.PDS, moved to PDS/$CESTAE
2025-04-14 23:38:54.624672 - Found $CLIENT.jcl (text/plain) in CBT.V508.FILE1055.PDS, moved to PDS/$CLIENT
2025-04-14 23:38:54.624854 - Found $DUMPGDG.jcl (text/plain) in CBT.V508.FILE1055.PDS, moved to PDS/$DUMPGDG
2025-04-14 23:38:54.625027 - Found $GRECOV.jcl (text/plain) in CBT.V508.FILE1055.PDS, moved to PDS/$GRECOV
2025-04-14 23:38:54.625205 - Found $IRBPTR.jcl (text/plain) in CBT.V508.FILE1055.PDS, moved to PDS/$IRBPTR
2025-04-14 23:38:54.625435 - Found $OUTPUT1.txt (text/plain) in CBT.V508.FILE1055.PDS, moved to PDS/$OUTPUT1
2025-04-14 23:38:54.625801 - Found $OUTPUT2.txt (text/plain) in CBT.V508.FILE1055.PDS, moved to PDS/$OUTPUT2
2025-04-14 23:38:54.626149 - Found $OUTPUT3.txt (text/plain) in CBT.V508.FILE1055.PDS, moved to PDS/$OUTPUT3
2025-04-14 23:38:54.626514 - Found $OUTPUT4.txt (text/plain) in CBT.V508.FILE1055.PDS, moved to PDS/$OUTPUT4
2025-04-14 23:38:54.626885 - Found $OUTPUT5.txt (text/plain) in CBT.V508.FILE1055.PDS, moved to PDS/$OUTPUT5
2025-04-14 23:38:54.627260 - Found $OUTPUT6.txt (text/plain) in CBT.V508.FILE1055.PDS, moved to PDS/$OUTPUT6
2025-04-14 23:38:54.627637 - Found $OUTPUT7.txt (text/plain) in CBT.V508.FILE1055.PDS, moved to PDS/$OUTPUT7
2025-04-14 23:38:54.628000 - Found $OUTPUT8.txt (text/plain) in CBT.V508.FILE1055.PDS, moved to PDS/$OUTPUT8
2025-04-14 23:38:54.628355 - Found $TESTPRP.jcl (text/plain) in CBT.V508.FILE1055.PDS, moved to PDS/$TESTPRP
2025-04-14 23:38:54.628674 - Found #ORIG192.txt (text/plain) in CBT.V508.FILE1055.PDS, moved to PDS/#ORIG192
2025-04-14 23:38:54.629029 - Found @FIL1055.txt (text/plain) in CBT.V508.FILE1055.PDS, moved to PDS/@FIL1055
2025-04-14 23:38:54.629251 - Found ALLOC.txt (text/plain) in CBT.V508.FILE1055.PDS, moved to PDS/ALLOC
2025-04-14 23:38:54.629464 - Found ASMLKD.txt (text/plain) in CBT.V508.FILE1055.PDS, moved to PDS/ASMLKD
2025-04-14 23:38:54.630335 - Found BAKRCOV.txt (text/plain) in CBT.V508.FILE1055.PDS, moved to PDS/BAKRCOV
2025-04-14 23:38:54.631239 - Found BGRECOV.txt (text/plain) in CBT.V508.FILE1055.PDS, moved to PDS/BGRECOV
2025-04-14 23:38:54.631984 - Found BRECOV.txt (text/plain) in CBT.V508.FILE1055.PDS, moved to PDS/BRECOV
2025-04-14 23:38:54.632374 - Found CARR.txt (text/plain) in CBT.V508.FILE1055.PDS, moved to PDS/CARR
2025-04-14 23:38:54.632607 - Found CCLIENT.txt (text/plain) in CBT.V508.FILE1055.PDS, moved to PDS/CCLIENT
2025-04-14 23:38:54.632875 - Found CESTAE.txt (text/plain) in CBT.V508.FILE1055.PDS, moved to PDS/CESTAE
2025-04-14 23:38:54.633099 - Found CFRR.txt (text/plain) in CBT.V508.FILE1055.PDS, moved to PDS/CFRR
2025-04-14 23:38:54.633321 - Found CLIENT.txt (text/plain) in CBT.V508.FILE1055.PDS, moved to PDS/CLIENT
2025-04-14 23:38:54.633553 - Found CLNTRUN.jcl (text/plain) in CBT.V508.FILE1055.PDS, moved to PDS/CLNTRUN
2025-04-14 23:38:54.633818 - Found DUMPGDG.txt (text/plain) in CBT.V508.FILE1055.PDS, moved to PDS/DUMPGDG
2025-04-14 23:38:54.634032 - Found ENDMOD.txt (text/plain) in CBT.V508.FILE1055.PDS, moved to PDS/ENDMOD
2025-04-14 23:38:54.634211 - Found EQUATES.txt (text/plain) in CBT.V508.FILE1055.PDS, moved to PDS/EQUATES
2025-04-14 23:38:54.634385 - Found ESTPARM.txt (text/plain) in CBT.V508.FILE1055.PDS, moved to PDS/ESTPARM
2025-04-14 23:38:54.634556 - Found EXECJCL.txt (text/plain) in CBT.V508.FILE1055.PDS, moved to PDS/EXECJCL
2025-04-14 23:38:54.635385 - Found GRECOV.txt (text/plain) in CBT.V508.FILE1055.PDS, moved to PDS/GRECOV
2025-04-14 23:38:54.636086 - Found GRECOVB.txt (text/plain) in CBT.V508.FILE1055.PDS, moved to PDS/GRECOVB
2025-04-14 23:38:54.636277 - Found INNERMM.txt (text/plain) in CBT.V508.FILE1055.PDS, moved to PDS/INNERMM
2025-04-14 23:38:54.636446 - Found IRBPTR.txt (text/plain) in CBT.V508.FILE1055.PDS, moved to PDS/IRBPTR
2025-04-14 23:38:54.636749 - Found LSED.txt (text/plain) in CBT.V508.FILE1055.PDS, moved to PDS/LSED
2025-04-14 23:38:54.637330 - Found MODULE.txt (text/plain) in CBT.V508.FILE1055.PDS, moved to PDS/MODULE
2025-04-14 23:38:54.637944 - Found MODULEX.txt (text/plain) in CBT.V508.FILE1055.PDS, moved to PDS/MODULEX
2025-04-14 23:38:54.638532 - Found OUTPUT.txt (text/plain) in CBT.V508.FILE1055.PDS, moved to PDS/OUTPUT
2025-04-14 23:38:54.638720 - Found SYSIN01B.txt (text/plain) in CBT.V508.FILE1055.PDS, moved to PDS/SYSIN01B
2025-04-14 23:38:54.638917 - Found SYSIN01C.txt (text/plain) in CBT.V508.FILE1055.PDS, moved to PDS/SYSIN01C
2025-04-14 23:38:54.639251 - Found TESTPRGP.txt (text/plain) in CBT.V508.FILE1055.PDS, moved to PDS/TESTPRGP
